<?xml version="1.0" encoding="UTF-8"?>
<testsuite name="uk.co.huntersix.spring.rest.model.PersonTest" tests="3" skipped="0" failures="0" errors="0" timestamp="2024-04-03T21:13:52" hostname="DELLLAPTOP" time="0.006">
  <properties/>
  <testcase name="idsShouldBeDifferent" classname="uk.co.huntersix.spring.rest.model.PersonTest" time="0.001"/>
  <testcase name="shouldBeDifferent" classname="uk.co.huntersix.spring.rest.model.PersonTest" time="0.002"/>
  <testcase name="shouldAssignIdWhenCreated" classname="uk.co.huntersix.spring.rest.model.PersonTest" time="0.003"/>
  <system-out><![CDATA[]]></system-out>
  <system-err><![CDATA[]]></system-err>
</testsuite>
